<?xml version="1.0" encoding="UTF-8" ?>
<testsuite tests="8" failures="0" name="RegisterTest" time="0.794" errors="0" skipped="0">
  <properties>
[...]
</properties>
  <testcase classname="RegisterTest" name="testInvalidRegistration" time="0.773"/>
  <testcase classname="RegisterTest" name="testValidRegistration" time="0.001"/>
  <testcase classname="RegisterTest" name="testDuplicateEmail" time="0.004"/>
  <testcase classname="RegisterTest" name="testMatchingPasswords" time="0.003"/>
  <testcase classname="RegisterTest" name="testInvalidPassword" time="0.003"/>
  <testcase classname="RegisterTest" name="testValidPhoneNumber" time="0.003"/>
  <testcase classname="RegisterTest" name="testInvalidPhoneNumber" time="0.004"/>
  <testcase classname="RegisterTest" name="testBlankFields" time="0.003"/>
</testsuite>